2025-08-02 12:10:42,125 [INFO] Starting ETL pipeline...
2025-08-02 12:10:42,126 [INFO] Extracting tasks from API...
2025-08-02 12:13:09,419 [ERROR] Extraction failed: HTTPSConnectionPool(host='jsonplaceholder.typicode.com', port=443): Max retries exceeded with url: /todos (Caused by ConnectTimeoutError(<urllib3.connection.HTTPSConnection object at 0x00000221F278BA10>, 'Connection to jsonplaceholder.typicode.com timed out. (connect timeout=None)'))
2025-08-02 12:13:09,420 [INFO] Transforming tasks with completion threshold...
2025-08-02 12:13:09,420 [INFO] 0 tasks passed the threshold filter.
2025-08-02 12:13:09,421 [INFO] Saving filtered tasks to CSV...
2025-08-02 12:13:09,424 [INFO] CSV written to output\filtered_tasks.csv
2025-08-02 12:13:09,715 [INFO] Loading data into PostgreSQL...
2025-08-02 12:13:09,786 [ERROR] PostgreSQL load failed: connection to server at "localhost" (::1), port 5432 failed: FATAL:  password authentication failed for user "postgres"

2025-08-02 12:13:09,787 [INFO] ETL pipeline complete.
2025-08-02 12:20:13,571 [INFO] Starting ETL pipeline...
2025-08-02 12:20:13,572 [INFO] Extracting tasks from API...
2025-08-02 12:20:13,705 [INFO] Extracted 200 tasks.
2025-08-02 12:20:13,706 [INFO] Transforming tasks with completion threshold...
2025-08-02 12:20:13,706 [INFO] 90 tasks passed the threshold filter.
2025-08-02 12:20:13,707 [INFO] Saving filtered tasks to CSV...
2025-08-02 12:20:13,709 [INFO] CSV written to output\filtered_tasks.csv
2025-08-02 12:20:13,709 [INFO] Loading data into PostgreSQL...
2025-08-02 12:20:13,797 [ERROR] PostgreSQL load failed: connection to server at "localhost" (::1), port 5432 failed: FATAL:  password authentication failed for user "postgres"

2025-08-02 12:20:13,798 [INFO] ETL pipeline complete.
2025-08-02 12:21:19,674 [INFO] Starting ETL pipeline...
2025-08-02 12:21:19,675 [INFO] Extracting tasks from API...
2025-08-02 12:21:19,789 [INFO] Extracted 200 tasks.
2025-08-02 12:21:19,790 [INFO] Transforming tasks with completion threshold...
2025-08-02 12:21:19,790 [INFO] 90 tasks passed the threshold filter.
2025-08-02 12:21:19,791 [INFO] Saving filtered tasks to CSV...
2025-08-02 12:21:19,793 [INFO] CSV written to output\filtered_tasks.csv
2025-08-02 12:21:19,794 [INFO] Loading data into PostgreSQL...
2025-08-02 12:21:20,073 [INFO] Data loaded into PostgreSQL successfully.
2025-08-02 12:21:20,073 [INFO] ETL pipeline complete.
