2025-08-02 12:28:17,687 [INFO] ===== ETL Run Started at 20250802_122817 =====
2025-08-02 12:28:17,688 [INFO] Extracting tasks from API...
2025-08-02 12:28:17,833 [INFO] Extracted 200 tasks.
2025-08-02 12:28:17,835 [INFO] Transforming tasks with completion threshold...
2025-08-02 12:28:17,835 [INFO] 90 tasks passed the threshold filter.
2025-08-02 12:28:17,836 [INFO] Saving filtered tasks to CSV at output\filtered_tasks_20250802_122817.csv...
2025-08-02 12:28:17,838 [INFO] CSV write completed.
2025-08-02 12:28:17,838 [INFO] Loading data into PostgreSQL...
2025-08-02 12:28:18,061 [INFO] Data loaded into PostgreSQL successfully.
2025-08-02 12:28:18,061 [INFO] ETL pipeline completed successfully.
2025-08-02 12:28:18,062 [INFO] =============================================
2025-08-02 12:28:45,701 [INFO] ===== ETL Run Started at 20250802_122845 =====
2025-08-02 12:28:45,701 [INFO] Extracting tasks from API...
2025-08-02 12:28:45,814 [INFO] Extracted 200 tasks.
2025-08-02 12:28:45,815 [INFO] Transforming tasks with completion threshold...
2025-08-02 12:28:45,816 [INFO] 90 tasks passed the threshold filter.
2025-08-02 12:28:45,816 [INFO] Saving filtered tasks to CSV at output\filtered_tasks_20250802_122845.csv...
2025-08-02 12:28:45,817 [INFO] CSV write completed.
2025-08-02 12:28:45,818 [INFO] Loading data into PostgreSQL...
2025-08-02 12:28:45,936 [INFO] Data loaded into PostgreSQL successfully.
2025-08-02 12:28:45,937 [INFO] ETL pipeline completed successfully.
2025-08-02 12:28:45,938 [INFO] =============================================
2025-08-02 12:32:24,843 [INFO] ===== ETL Run Started at 20250802_123224 =====
2025-08-02 12:32:24,844 [INFO] Extracting tasks from API...
2025-08-02 12:32:25,743 [INFO] Extracted 200 tasks.
2025-08-02 12:32:25,744 [INFO] Transforming tasks with completion threshold...
2025-08-02 12:32:25,744 [INFO] 90 tasks passed the threshold filter.
2025-08-02 12:32:25,745 [INFO] Saving filtered tasks to CSV at output\filtered_tasks_20250802_123224.csv...
2025-08-02 12:32:25,746 [INFO] CSV write completed.
2025-08-02 12:32:25,747 [INFO] Loading data into PostgreSQL...
2025-08-02 12:32:25,930 [INFO] Data loaded into PostgreSQL successfully.
2025-08-02 12:32:25,930 [INFO] ETL pipeline completed successfully.
2025-08-02 12:32:26,222 [INFO] =============================================
2025-08-02 12:34:42,392 [INFO] ===== ETL Run Started at 20250802_123442 =====
2025-08-02 12:34:42,393 [INFO] Extracting tasks from API...
2025-08-02 12:34:42,447 [INFO] Extracted 200 tasks.
2025-08-02 12:34:42,448 [INFO] Transforming tasks with completion threshold...
2025-08-02 12:34:42,448 [INFO] 90 tasks passed the threshold filter.
2025-08-02 12:34:42,449 [INFO] Saving filtered tasks to CSV at output\filtered_tasks_20250802_123442.csv...
2025-08-02 12:34:42,452 [INFO] CSV write completed.
2025-08-02 12:34:42,452 [INFO] Loading data into PostgreSQL...
2025-08-02 12:34:42,549 [ERROR] PostgreSQL load failed: syntax error at or near "#"
LINE 4:                 # ON CONFLICT (task_id) DO NOTHING
                        ^

2025-08-02 12:34:42,551 [INFO] ETL pipeline completed successfully.
2025-08-02 12:34:42,551 [INFO] =============================================
2025-08-02 12:36:23,025 [INFO] ===== ETL Run Started at 20250802_123623 =====
2025-08-02 12:36:23,025 [INFO] Extracting tasks from API...
2025-08-02 12:36:23,071 [INFO] Extracted 200 tasks.
2025-08-02 12:36:23,073 [INFO] Transforming tasks with completion threshold...
2025-08-02 12:36:23,074 [INFO] 90 tasks passed the threshold filter.
2025-08-02 12:36:23,074 [INFO] Saving filtered tasks to CSV at output\filtered_tasks_20250802_123623.csv...
2025-08-02 12:36:23,076 [INFO] CSV write completed.
2025-08-02 12:36:23,077 [INFO] Loading data into PostgreSQL...
2025-08-02 12:36:23,180 [ERROR] PostgreSQL load failed: duplicate key value violates unique constraint "todo_metrics_pkey"
DETAIL:  Key (task_id)=(4) already exists.

2025-08-02 12:36:23,182 [INFO] ETL pipeline completed successfully.
2025-08-02 12:36:23,182 [INFO] =============================================
2025-08-02 12:37:25,431 [INFO] ===== ETL Run Started at 20250802_123725 =====
2025-08-02 12:37:25,432 [INFO] Extracting tasks from API...
2025-08-02 12:37:25,514 [INFO] Extracted 200 tasks.
2025-08-02 12:37:25,515 [INFO] Transforming tasks with completion threshold...
2025-08-02 12:37:25,516 [INFO] 90 tasks passed the threshold filter.
2025-08-02 12:37:25,517 [INFO] Saving filtered tasks to CSV at output\filtered_tasks_20250802_123725.csv...
2025-08-02 12:37:25,518 [INFO] CSV write completed.
2025-08-02 12:37:25,519 [INFO] Loading data into PostgreSQL...
2025-08-02 12:37:25,621 [ERROR] PostgreSQL load failed: tuple index out of range
2025-08-02 12:37:25,622 [INFO] ETL pipeline completed successfully.
2025-08-02 12:37:25,623 [INFO] =============================================
2025-08-02 12:37:53,518 [INFO] ===== ETL Run Started at 20250802_123753 =====
2025-08-02 12:37:53,519 [INFO] Extracting tasks from API...
2025-08-02 12:37:53,584 [INFO] Extracted 200 tasks.
2025-08-02 12:37:53,585 [INFO] Transforming tasks with completion threshold...
2025-08-02 12:37:53,585 [INFO] 90 tasks passed the threshold filter.
2025-08-02 12:37:53,586 [INFO] Saving filtered tasks to CSV at output\filtered_tasks_20250802_123753.csv...
2025-08-02 12:37:53,587 [INFO] CSV write completed.
2025-08-02 12:37:53,588 [INFO] Loading data into PostgreSQL...
2025-08-02 12:37:53,686 [ERROR] PostgreSQL load failed: tuple index out of range
2025-08-02 12:37:53,687 [INFO] ETL pipeline completed successfully.
2025-08-02 12:37:53,688 [INFO] =============================================
2025-08-02 12:38:10,786 [INFO] ===== ETL Run Started at 20250802_123810 =====
2025-08-02 12:38:10,786 [INFO] Extracting tasks from API...
2025-08-02 12:38:10,843 [INFO] Extracted 200 tasks.
2025-08-02 12:38:10,844 [INFO] Transforming tasks with completion threshold...
2025-08-02 12:38:10,844 [INFO] 90 tasks passed the threshold filter.
2025-08-02 12:38:10,845 [INFO] Saving filtered tasks to CSV at output\filtered_tasks_20250802_123810.csv...
2025-08-02 12:38:10,847 [INFO] CSV write completed.
2025-08-02 12:38:10,848 [INFO] Loading data into PostgreSQL...
2025-08-02 12:38:10,950 [ERROR] PostgreSQL load failed: tuple index out of range
2025-08-02 12:38:10,950 [INFO] ETL pipeline completed successfully.
2025-08-02 12:38:10,951 [INFO] =============================================
2025-08-02 12:40:21,154 [INFO] ===== ETL Run Started at 20250802_124021 =====
2025-08-02 12:40:21,154 [INFO] Extracting tasks from API...
2025-08-02 12:40:21,212 [INFO] Extracted 200 tasks.
2025-08-02 12:40:21,213 [INFO] Transforming tasks with completion threshold...
2025-08-02 12:40:21,214 [INFO] 90 tasks passed the threshold filter.
2025-08-02 12:40:21,215 [INFO] Saving filtered tasks to CSV at output\filtered_tasks_20250802_124021.csv...
2025-08-02 12:40:21,217 [INFO] CSV write completed.
2025-08-02 12:40:21,218 [INFO] Loading data into PostgreSQL...
2025-08-02 12:40:21,320 [ERROR] PostgreSQL load failed: null value in column "task_id" of relation "todo_metrics" violates not-null constraint
DETAIL:  Failing row contains (null, et porro tempora, 1, t).

2025-08-02 12:40:21,321 [INFO] ETL pipeline completed successfully.
2025-08-02 12:40:21,322 [INFO] =============================================
2025-08-02 12:41:02,996 [INFO] ===== ETL Run Started at 20250802_124102 =====
2025-08-02 12:41:02,997 [INFO] Extracting tasks from API...
2025-08-02 12:41:03,048 [INFO] Extracted 200 tasks.
2025-08-02 12:41:03,049 [INFO] Transforming tasks with completion threshold...
2025-08-02 12:41:03,050 [INFO] 90 tasks passed the threshold filter.
2025-08-02 12:41:03,051 [INFO] Saving filtered tasks to CSV at output\filtered_tasks_20250802_124102.csv...
2025-08-02 12:41:03,052 [INFO] CSV write completed.
2025-08-02 12:41:03,053 [INFO] Loading data into PostgreSQL...
2025-08-02 12:41:03,163 [INFO] Data loaded into PostgreSQL successfully.
2025-08-02 12:41:03,164 [INFO] ETL pipeline completed successfully.
2025-08-02 12:41:03,165 [INFO] =============================================
2025-08-02 12:43:12,914 [INFO] ===== ETL Run Started at 20250802_124312 =====
2025-08-02 12:43:12,914 [INFO] Extracting tasks from API...
2025-08-02 12:43:13,055 [INFO] Extracted 200 tasks.
2025-08-02 12:43:13,057 [INFO] Transforming tasks with completion threshold...
2025-08-02 12:43:13,058 [INFO] 90 tasks passed the threshold filter.
2025-08-02 12:43:13,059 [INFO] Saving filtered tasks to CSV at output\filtered_tasks_20250802_124312.csv...
2025-08-02 12:43:13,062 [INFO] CSV write completed.
2025-08-02 12:43:13,063 [INFO] Loading data into PostgreSQL...
2025-08-02 12:43:13,212 [INFO] Data loaded into PostgreSQL successfully.
2025-08-02 12:43:13,213 [INFO] ETL pipeline completed successfully.
2025-08-02 12:43:13,214 [INFO] =============================================
2025-08-02 12:43:56,605 [INFO] ===== ETL Run Started at 20250802_124356 =====
2025-08-02 12:43:56,606 [INFO] Extracting tasks from API...
2025-08-02 12:43:56,723 [INFO] Extracted 200 tasks.
2025-08-02 12:43:56,724 [INFO] Transforming tasks with completion threshold...
2025-08-02 12:43:56,725 [INFO] 110 tasks passed the threshold filter.
2025-08-02 12:43:56,726 [INFO] Saving filtered tasks to CSV at output\filtered_tasks_20250802_124356.csv...
2025-08-02 12:43:56,728 [INFO] CSV write completed.
2025-08-02 12:43:56,729 [INFO] Loading data into PostgreSQL...
2025-08-02 12:43:56,937 [INFO] Data loaded into PostgreSQL successfully.
2025-08-02 12:43:56,938 [INFO] ETL pipeline completed successfully.
2025-08-02 12:43:56,939 [INFO] =============================================
2025-08-02 12:50:53,326 [INFO] ===== ETL Run Started at 20250802_125053 =====
2025-08-02 12:50:53,328 [INFO] Extracting tasks from PostgreSQL table `source_tasks`...
2025-08-02 12:50:53,525 [ERROR] Failed to extract from database: column "userid" does not exist
LINE 1: SELECT id, title, userId, completed FROM source_tasks
                          ^
HINT:  Perhaps you meant to reference the column "source_tasks.user_id".

2025-08-02 12:50:53,527 [INFO] Transforming tasks with completion threshold...
2025-08-02 12:50:53,527 [INFO] 0 tasks passed the threshold filter.
2025-08-02 12:50:53,528 [INFO] Saving filtered tasks to CSV at output\filtered_tasks_20250802_125053.csv...
2025-08-02 12:50:53,529 [INFO] CSV write completed.
2025-08-02 12:50:53,824 [INFO] Loading data into PostgreSQL table `todo_metrics`...
2025-08-02 12:50:53,893 [INFO] Data loaded into `todo_metrics` successfully.
2025-08-02 12:50:53,894 [INFO] ETL pipeline completed successfully.
2025-08-02 12:50:53,895 [INFO] =============================================
2025-08-02 12:54:30,230 [INFO] ===== ETL Run Started at 20250802_125430 =====
2025-08-02 12:54:30,230 [INFO] Extracting tasks from PostgreSQL table `source_tasks`...
2025-08-02 12:54:30,499 [INFO] Extracted 4 tasks from source_tasks.
2025-08-02 12:54:30,500 [INFO] Transforming tasks with completion threshold...
2025-08-02 12:54:45,522 [INFO] ===== ETL Run Started at 20250802_125445 =====
2025-08-02 12:54:45,522 [INFO] Extracting tasks from PostgreSQL table `source_tasks`...
2025-08-02 12:54:45,626 [INFO] Extracted 4 tasks from source_tasks.
2025-08-02 12:54:45,626 [INFO] Transforming tasks with completion threshold...
2025-08-02 12:54:45,627 [INFO] 2 tasks passed the threshold filter.
2025-08-02 12:54:45,627 [INFO] Saving filtered tasks to CSV at output\filtered_tasks_20250802_125445.csv...
2025-08-02 12:54:45,629 [INFO] CSV write completed.
2025-08-02 12:54:45,629 [INFO] Loading data into PostgreSQL table `todo_metrics`...
2025-08-02 12:54:45,711 [INFO] Data loaded into `todo_metrics` successfully.
2025-08-02 12:54:45,712 [INFO] ETL pipeline completed successfully.
2025-08-02 12:54:45,712 [INFO] =============================================
2025-08-02 12:59:05,896 [INFO] ===== ETL Run Started at 20250802_125905 =====
2025-08-02 12:59:05,896 [INFO] Extracting tasks from PostgreSQL table `source_tasks`...
2025-08-02 12:59:05,993 [INFO] Extracted 4 tasks from source_tasks.
2025-08-02 12:59:05,994 [INFO] Transforming tasks with completion threshold...
2025-08-02 12:59:14,749 [INFO] ===== ETL Run Started at 20250802_125914 =====
2025-08-02 12:59:14,750 [INFO] Extracting tasks from PostgreSQL table `source_tasks`...
2025-08-02 12:59:14,945 [INFO] Extracted 4 tasks from source_tasks.
2025-08-02 12:59:14,946 [INFO] Transforming tasks with completion threshold...
2025-08-02 12:59:14,947 [INFO] 2 tasks passed the threshold filter.
2025-08-02 12:59:14,947 [INFO] Saving filtered tasks to CSV at output\filtered_tasks_20250802_125914.csv...
2025-08-02 12:59:14,949 [INFO] CSV write completed.
2025-08-02 12:59:14,949 [INFO] Loading data into PostgreSQL table `todo_metrics`...
2025-08-02 12:59:15,032 [INFO] Data loaded into `todo_metrics` successfully.
2025-08-02 12:59:15,033 [INFO] ETL pipeline completed successfully.
2025-08-02 12:59:15,033 [INFO] =============================================
2025-08-02 13:00:48,085 [INFO] ===== ETL Run Started at 20250802_130048 =====
2025-08-02 13:00:48,086 [INFO] Extracting tasks from PostgreSQL table `source_tasks`...
2025-08-02 13:00:48,200 [INFO] Extracted 4 tasks from source_tasks.
2025-08-02 13:00:48,200 [INFO] Transforming tasks with completion threshold...
2025-08-02 13:00:48,201 [INFO] 2 tasks passed the threshold filter.
2025-08-02 13:00:48,201 [INFO] Saving filtered tasks to CSV at output\filtered_tasks_20250802_130048.csv...
2025-08-02 13:00:48,203 [INFO] CSV write completed.
2025-08-02 13:00:48,203 [INFO] Loading data into PostgreSQL table `todo_metrics`...
2025-08-02 13:00:48,307 [INFO] Data loaded into `todo_metrics` successfully.
2025-08-02 13:00:48,309 [INFO] ETL pipeline completed successfully.
2025-08-02 13:00:48,309 [INFO] =============================================
